\BOOKMARK [1][-]{section.1}{\376\377\000E\000x\000e\000c\000u\000t\000i\000v\000e\000\040\000S\000u\000m\000m\000a\000r\000y}{}% 1
\BOOKMARK [1][-]{section.2}{\376\377\000P\000o\000r\000t\000f\000o\000l\000i\000o\000\040\000O\000v\000e\000r\000v\000i\000e\000w}{}% 2
\BOOKMARK [1][-]{section.3}{\376\377\000M\000e\000t\000h\000o\000d\000o\000l\000o\000g\000y}{}% 3
\BOOKMARK [2][-]{subsection.3.1}{\376\377\000A\000n\000a\000l\000y\000t\000i\000c\000a\000l\000\040\000F\000r\000a\000m\000e\000w\000o\000r\000k}{section.3}% 4
\BOOKMARK [2][-]{subsection.3.2}{\376\377\000R\000i\000s\000k\000\040\000M\000e\000a\000s\000u\000r\000e\000s}{section.3}% 5
\BOOKMARK [1][-]{section.4}{\376\377\000I\000n\000s\000t\000r\000u\000m\000e\000n\000t\000\040\000P\000r\000i\000c\000i\000n\000g}{}% 6
\BOOKMARK [1][-]{section.5}{\376\377\000R\000i\000s\000k\000\040\000S\000e\000n\000s\000i\000t\000i\000v\000i\000t\000i\000e\000s}{}% 7
\BOOKMARK [1][-]{section.6}{\376\377\000H\000i\000s\000t\000o\000r\000i\000c\000a\000l\000\040\000S\000h\000o\000c\000k\000\040\000A\000n\000a\000l\000y\000s\000i\000s}{}% 8
\BOOKMARK [1][-]{section.7}{\376\377\000V\000a\000l\000u\000e\000-\000a\000t\000-\000R\000i\000s\000k\000\040\000a\000n\000d\000\040\000E\000x\000p\000e\000c\000t\000e\000d\000\040\000S\000h\000o\000r\000t\000f\000a\000l\000l}{}% 9
\BOOKMARK [2][-]{subsection.7.1}{\376\377\000M\000e\000t\000h\000o\000d\000o\000l\000o\000g\000y}{section.7}% 10
\BOOKMARK [2][-]{subsection.7.2}{\376\377\000R\000e\000s\000u\000l\000t\000s}{section.7}% 11
\BOOKMARK [1][-]{section.8}{\376\377\000V\000a\000R\000\040\000B\000a\000c\000k\000t\000e\000s\000t\000i\000n\000g}{}% 12
\BOOKMARK [1][-]{section.9}{\376\377\000S\000t\000r\000e\000s\000s\000\040\000T\000e\000s\000t\000i\000n\000g}{}% 13
\BOOKMARK [2][-]{subsection.9.1}{\376\377\000S\000c\000e\000n\000a\000r\000i\000o\000\040\000D\000e\000f\000i\000n\000i\000t\000i\000o\000n}{section.9}% 14
\BOOKMARK [2][-]{subsection.9.2}{\376\377\000F\000u\000l\000l\000\040\000R\000e\000v\000a\000l\000u\000a\000t\000i\000o\000n\000\040\000v\000s\000\040\000T\000a\000y\000l\000o\000r}{section.9}% 15
\BOOKMARK [1][-]{section.10}{\376\377\000R\000i\000s\000k\000\040\000L\000i\000m\000i\000t\000s\000\040\000F\000r\000a\000m\000e\000w\000o\000r\000k}{}% 16
\BOOKMARK [1][-]{section.11}{\376\377\000D\000V\0000\0001\000\040\000b\000y\000\040\000T\000e\000n\000o\000r}{}% 17
\BOOKMARK [1][-]{section.12}{\376\377\000R\000i\000s\000k\000\040\000F\000a\000c\000t\000o\000r\000\040\000C\000o\000r\000r\000e\000l\000a\000t\000i\000o\000n\000s}{}% 18
\BOOKMARK [1][-]{section.13}{\376\377\000F\000R\000T\000B\000\040\000a\000n\000d\000\040\000L\000i\000q\000u\000i\000d\000i\000t\000y\000\040\000H\000o\000r\000i\000z\000o\000n\000s}{}% 19
\BOOKMARK [2][-]{subsection.13.1}{\376\377\000R\000e\000g\000u\000l\000a\000t\000o\000r\000y\000\040\000C\000o\000n\000t\000e\000x\000t}{section.13}% 20
\BOOKMARK [2][-]{subsection.13.2}{\376\377\000L\000i\000q\000u\000i\000d\000i\000t\000y\000\040\000H\000o\000r\000i\000z\000o\000n\000\040\000S\000c\000a\000l\000i\000n\000g}{section.13}% 21
\BOOKMARK [1][-]{section.14}{\376\377\000K\000e\000y\000\040\000T\000a\000k\000e\000a\000w\000a\000y\000s}{}% 22
